Using pre-set license
Built from '2021.3/staging' branch; Version is '2021.3.21f1 (1b156197d683) revision 1774945'; Using compiler version '192829333'; Build Type 'Release'
OS: 'Windows 10  (10.0.19044) 64bit Core' Language: 'pl' Physical Memory: 8044 MB
BatchMode: 1, IsHumanControllingUs: 0, StartBugReporterOnCrash: 0, Is64bit: 1, IsPro: 1

COMMAND LINE ARGUMENTS:
C:\Program Files\Unity\Hub\Editor\2021.3.21f1\Editor\Unity.exe
-adb2
-batchMode
-noUpm
-name
AssetImportWorker6
-projectPath
C:/Users/pbeni/Desktop/Grafika projekt/DungeonsOfAEI/Dungeons of AEI
-logFile
Logs/AssetImportWorker6.log
-srvPort
54386
Successfully changed project path to: C:/Users/pbeni/Desktop/Grafika projekt/DungeonsOfAEI/Dungeons of AEI
C:/Users/pbeni/Desktop/Grafika projekt/DungeonsOfAEI/Dungeons of AEI
[UnityMemory] Configuration Parameters - Can be set up in boot.config
    "memorysetup-bucket-allocator-granularity=16"
    "memorysetup-bucket-allocator-bucket-count=8"
    "memorysetup-bucket-allocator-block-size=33554432"
    "memorysetup-bucket-allocator-block-count=8"
    "memorysetup-main-allocator-block-size=16777216"
    "memorysetup-thread-allocator-block-size=16777216"
    "memorysetup-gfx-main-allocator-block-size=16777216"
    "memorysetup-gfx-thread-allocator-block-size=16777216"
    "memorysetup-cache-allocator-block-size=4194304"
    "memorysetup-typetree-allocator-block-size=2097152"
    "memorysetup-profiler-bucket-allocator-granularity=16"
    "memorysetup-profiler-bucket-allocator-bucket-count=8"
    "memorysetup-profiler-bucket-allocator-block-size=33554432"
    "memorysetup-profiler-bucket-allocator-block-count=8"
    "memorysetup-profiler-allocator-block-size=16777216"
    "memorysetup-profiler-editor-allocator-block-size=1048576"
    "memorysetup-temp-allocator-size-main=16777216"
    "memorysetup-job-temp-allocator-block-size=2097152"
    "memorysetup-job-temp-allocator-block-size-background=1048576"
    "memorysetup-job-temp-allocator-reduction-small-platforms=262144"
    "memorysetup-temp-allocator-size-background-worker=32768"
    "memorysetup-temp-allocator-size-job-worker=262144"
    "memorysetup-temp-allocator-size-preload-manager=33554432"
    "memorysetup-temp-allocator-size-nav-mesh-worker=65536"
    "memorysetup-temp-allocator-size-audio-worker=65536"
    "memorysetup-temp-allocator-size-cloud-worker=32768"
    "memorysetup-temp-allocator-size-gi-baking-worker=262144"
    "memorysetup-temp-allocator-size-gfx=262144"
Player connection [21896] Host "[IP] 157.158.137.42 [Port] 0 [Flags] 2 [Guid] 281466368 [EditorId] 281466368 [Version] 1048832 [Id] WindowsEditor(7,LAPTOP-0N9E9JTF) [Debug] 1 [PackageName] WindowsEditor [ProjectName] Editor" joined multi-casting on [225.0.0.222:54997]...

Player connection [21896] Host "[IP] 157.158.137.42 [Port] 0 [Flags] 2 [Guid] 281466368 [EditorId] 281466368 [Version] 1048832 [Id] WindowsEditor(7,LAPTOP-0N9E9JTF) [Debug] 1 [PackageName] WindowsEditor [ProjectName] Editor" joined alternative multi-casting on [225.0.0.222:34997]...

Refreshing native plugins compatible for Editor in 468.20 ms, found 3 plugins.
Preloading 0 native plugins for Editor in 0.00 ms.
Initialize engine version: 2021.3.21f1 (1b156197d683)
[Subsystems] Discovering subsystems at path C:/Program Files/Unity/Hub/Editor/2021.3.21f1/Editor/Data/Resources/UnitySubsystems
[Subsystems] Discovering subsystems at path C:/Users/pbeni/Desktop/Grafika projekt/DungeonsOfAEI/Dungeons of AEI/Assets
GfxDevice: creating device client; threaded=0; jobified=0
Direct3D:
    Version:  Direct3D 11.0 [level 11.1]
    Renderer: NVIDIA GeForce MX250 (ID=0x1d13)
    Vendor:   NVIDIA
    VRAM:     1983 MB
    Driver:   30.0.15.1169
Initialize mono
Mono path[0] = 'C:/Program Files/Unity/Hub/Editor/2021.3.21f1/Editor/Data/Managed'
Mono path[1] = 'C:/Program Files/Unity/Hub/Editor/2021.3.21f1/Editor/Data/MonoBleedingEdge/lib/mono/unityjit-win32'
Mono config path = 'C:/Program Files/Unity/Hub/Editor/2021.3.21f1/Editor/Data/MonoBleedingEdge/etc'
Using monoOptions --debugger-agent=transport=dt_socket,embedding=1,server=y,suspend=n,address=127.0.0.1:56632
Begin MonoManager ReloadAssembly
Registering precompiled unity dll's ...
Register platform support module: C:/Program Files/Unity/Hub/Editor/2021.3.21f1/Editor/Data/PlaybackEngines/WindowsStandaloneSupport/UnityEditor.WindowsStandalone.Extensions.dll
Registered in 0.007846 seconds.
Native extension for WindowsStandalone target not found
Refreshing native plugins compatible for Editor in 230.24 ms, found 3 plugins.
Preloading 0 native plugins for Editor in 0.00 ms.
Mono: successfully reloaded assembly
- Completed reload, in  1.532 seconds
Domain Reload Profiling:
	ReloadAssembly (1533ms)
		BeginReloadAssembly (98ms)
			ExecutionOrderSort (0ms)
			DisableScriptedObjects (0ms)
			BackupInstance (0ms)
			ReleaseScriptingObjects (0ms)
			CreateAndSetChildDomain (1ms)
		EndReloadAssembly (1190ms)
			LoadAssemblies (96ms)
			RebuildTransferFunctionScriptingTraits (0ms)
			SetupTypeCache (160ms)
			ReleaseScriptCaches (0ms)
			RebuildScriptCaches (114ms)
			SetupLoadedEditorAssemblies (756ms)
				LogAssemblyErrors (0ms)
				InitializePlatformSupportModulesInManaged (17ms)
				SetLoadedEditorAssemblies (1ms)
				RefreshPlugins (230ms)
				BeforeProcessingInitializeOnLoad (1ms)
				ProcessInitializeOnLoadAttributes (286ms)
				ProcessInitializeOnLoadMethodAttributes (220ms)
				AfterProcessingInitializeOnLoad (0ms)
				EditorAssembliesLoaded (0ms)
			ExecutionOrderSort2 (0ms)
			AwakeInstancesAfterBackupRestoration (0ms)
Platform modules already initialized, skipping
Registering precompiled user dll's ...
Registered in 0.009331 seconds.
Begin MonoManager ReloadAssembly
Symbol file LoadedFromMemory doesn't match image C:\Users\pbeni\Desktop\Grafika projekt\DungeonsOfAEI\Dungeons of AEI\Library\PackageCache\com.unity.visualscripting@1.8.0\Editor\VisualScripting.Core\Dependencies\YamlDotNet\Unity.VisualScripting.YamlDotNet.dll
Symbol file LoadedFromMemory doesn't match image C:\Users\pbeni\Desktop\Grafika projekt\DungeonsOfAEI\Dungeons of AEI\Library\PackageCache\com.unity.visualscripting@1.8.0\Editor\VisualScripting.Core\Dependencies\DotNetZip\Unity.VisualScripting.IonicZip.dll
Native extension for WindowsStandalone target not found
Refreshing native plugins compatible for Editor in 185.54 ms, found 3 plugins.
Preloading 0 native plugins for Editor in 0.00 ms.
Mono: successfully reloaded assembly
- Completed reload, in  1.772 seconds
Domain Reload Profiling:
	ReloadAssembly (1773ms)
		BeginReloadAssembly (151ms)
			ExecutionOrderSort (0ms)
			DisableScriptedObjects (7ms)
			BackupInstance (0ms)
			ReleaseScriptingObjects (0ms)
			CreateAndSetChildDomain (22ms)
		EndReloadAssembly (1500ms)
			LoadAssemblies (118ms)
			RebuildTransferFunctionScriptingTraits (0ms)
			SetupTypeCache (369ms)
			ReleaseScriptCaches (2ms)
			RebuildScriptCaches (89ms)
			SetupLoadedEditorAssemblies (860ms)
				LogAssemblyErrors (0ms)
				InitializePlatformSupportModulesInManaged (8ms)
				SetLoadedEditorAssemblies (0ms)
				RefreshPlugins (186ms)
				BeforeProcessingInitializeOnLoad (147ms)
				ProcessInitializeOnLoadAttributes (423ms)
				ProcessInitializeOnLoadMethodAttributes (87ms)
				AfterProcessingInitializeOnLoad (9ms)
				EditorAssembliesLoaded (0ms)
			ExecutionOrderSort2 (0ms)
			AwakeInstancesAfterBackupRestoration (9ms)
Platform modules already initialized, skipping
========================================================================
Worker process is ready to serve import requests
Launched and connected shader compiler UnityShaderCompiler.exe after 0.06 seconds
Refreshing native plugins compatible for Editor in 0.92 ms, found 3 plugins.
Preloading 0 native plugins for Editor in 0.00 ms.
Unloading 5307 Unused Serialized files (Serialized files now loaded: 0)
Unloading 50 unused Assets / (0.8 MB). Loaded Objects now: 5759.
Memory consumption went from 210.9 MB to 210.0 MB.
Total: 4.848900 ms (FindLiveObjects: 0.485400 ms CreateObjectMapping: 0.483300 ms MarkObjects: 3.529800 ms  DeleteObjects: 0.349400 ms)

AssetImportParameters requested are different than current active one (requested -> active):
  custom:video-decoder-ogg-theora: a1e56fd34408186e4bbccfd4996cb3dc -> 
  custom:container-muxer-webm: aa71ff27fc2769a1b78a27578f13a17b -> 
  custom:container-demuxer-webm: 4f35f7cbe854078d1ac9338744f61a02 -> 
  custom:video-encoder-webm-vp8: eb34c28f22e8b96e1ab97ce403110664 -> 
  custom:audio-encoder-webm-vorbis: bf7c407c2cedff20999df2af8eb42d56 -> 
  custom:framework-win-MediaFoundation: 216162199b28c13a410421893ffa2e32 -> 
  custom:container-demuxer-ogg: 62fdf1f143b41e24485cea50d1cbac27 -> 
  custom:video-decoder-webm-vp8: 9c59270c3fd7afecdb556c50c9e8de78 -> 
  custom:audio-decoder-ogg-vorbis: bf7c407c2cedff20999df2af8eb42d56 -> 
========================================================================
Received Import Request.
  Time since last request: 45659.436429 seconds.
  path: Assets/Scenes/CatBorg Studio/3D Dungeon Lowpoly Pack/Models/99_Decorations_WallBanner_5.fbx
  artifactKey: Guid(2c47b3c297f48df40b76fe28819338e1) Importer(815301076,1909f56bfc062723c751e8b465ee728b)
Start importing Assets/Scenes/CatBorg Studio/3D Dungeon Lowpoly Pack/Models/99_Decorations_WallBanner_5.fbx using Guid(2c47b3c297f48df40b76fe28819338e1) Importer(815301076,1909f56bfc062723c751e8b465ee728b)  -> (artifact id: '6acac47e9186bb163648b7066c01fc4a') in 0.326545 seconds 
========================================================================
Received Import Request.
  Time since last request: 0.000039 seconds.
  path: Assets/Scenes/CatBorg Studio/3D Dungeon Lowpoly Pack/Models/99_Enviroment_Floor_05.fbx
  artifactKey: Guid(6670a1e69c32cf14c805b03a61a90bb0) Importer(815301076,1909f56bfc062723c751e8b465ee728b)
Start importing Assets/Scenes/CatBorg Studio/3D Dungeon Lowpoly Pack/Models/99_Enviroment_Floor_05.fbx using Guid(6670a1e69c32cf14c805b03a61a90bb0) Importer(815301076,1909f56bfc062723c751e8b465ee728b)  -> (artifact id: '793c64f235834f02cfba6c83a3351f5a') in 0.029578 seconds 
========================================================================
Received Import Request.
  Time since last request: 0.596129 seconds.
  path: Assets/Scenes/CatBorg Studio/3D Dungeon Lowpoly Pack/Models/97_Othert_Star.fbx
  artifactKey: Guid(33bd891aa40ecaf4390d56171a34e1fa) Importer(815301076,1909f56bfc062723c751e8b465ee728b)
Start importing Assets/Scenes/CatBorg Studio/3D Dungeon Lowpoly Pack/Models/97_Othert_Star.fbx using Guid(33bd891aa40ecaf4390d56171a34e1fa) Importer(815301076,1909f56bfc062723c751e8b465ee728b)  -> (artifact id: '59a3b51b79c2c188f3cf0a987ed17a58') in 0.125476 seconds 
========================================================================
Received Import Request.
  Time since last request: 0.000062 seconds.
  path: Assets/Scenes/CatBorg Studio/3D Dungeon Lowpoly Pack/Models/97_Othert_Key_Red.fbx
  artifactKey: Guid(768f7077446fbd14d9912f6b0d913fa6) Importer(815301076,1909f56bfc062723c751e8b465ee728b)
Start importing Assets/Scenes/CatBorg Studio/3D Dungeon Lowpoly Pack/Models/97_Othert_Key_Red.fbx using Guid(768f7077446fbd14d9912f6b0d913fa6) Importer(815301076,1909f56bfc062723c751e8b465ee728b)  -> (artifact id: 'd5deaefe359f2aa092c44145447b0e7c') in 0.033163 seconds 
========================================================================
Received Import Request.
  Time since last request: 0.192865 seconds.
  path: Assets/Scenes/CatBorg Studio/3D Dungeon Lowpoly Pack/Models/04_Bedroom_01_Beed_4.fbx
  artifactKey: Guid(e8c9e5adf8a0ced4a850a82188865bca) Importer(815301076,1909f56bfc062723c751e8b465ee728b)
Start importing Assets/Scenes/CatBorg Studio/3D Dungeon Lowpoly Pack/Models/04_Bedroom_01_Beed_4.fbx using Guid(e8c9e5adf8a0ced4a850a82188865bca) Importer(815301076,1909f56bfc062723c751e8b465ee728b)  -> (artifact id: '3338e1c7b6ff82a4a714c1a26c60573d') in 0.120388 seconds 
========================================================================
Received Import Request.
  Time since last request: 0.000031 seconds.
  path: Assets/Scenes/CatBorg Studio/3D Dungeon Lowpoly Pack/Models/04_Bedroom_01_Matrace_ForBeed_2.fbx
  artifactKey: Guid(bea1f70a1e340f244ab37d512ab24952) Importer(815301076,1909f56bfc062723c751e8b465ee728b)
Start importing Assets/Scenes/CatBorg Studio/3D Dungeon Lowpoly Pack/Models/04_Bedroom_01_Matrace_ForBeed_2.fbx using Guid(bea1f70a1e340f244ab37d512ab24952) Importer(815301076,1909f56bfc062723c751e8b465ee728b)  -> (artifact id: '2c4aec8d9598d7d76b5305d91d83ed62') in 0.048596 seconds 
========================================================================
Received Import Request.
  Time since last request: 0.000729 seconds.
  path: Assets/Scenes/CatBorg Studio/3D Dungeon Lowpoly Pack/Models/04_Bedroom_01_Beed_1.fbx
  artifactKey: Guid(0ac93ca44e3d53f4ca0e022fdb13ee3f) Importer(815301076,1909f56bfc062723c751e8b465ee728b)
Start importing Assets/Scenes/CatBorg Studio/3D Dungeon Lowpoly Pack/Models/04_Bedroom_01_Beed_1.fbx using Guid(0ac93ca44e3d53f4ca0e022fdb13ee3f) Importer(815301076,1909f56bfc062723c751e8b465ee728b)  -> (artifact id: '94c742895f8b21e3e2496bcbc115c0b6') in 0.079409 seconds 
========================================================================
Received Import Request.
  Time since last request: 0.000161 seconds.
  path: Assets/Scenes/CatBorg Studio/3D Dungeon Lowpoly Pack/Models/97_Othert_Amphora_Whole.fbx
  artifactKey: Guid(05f1982eaf975f44dafab44f8b43ddba) Importer(815301076,1909f56bfc062723c751e8b465ee728b)
Start importing Assets/Scenes/CatBorg Studio/3D Dungeon Lowpoly Pack/Models/97_Othert_Amphora_Whole.fbx using Guid(05f1982eaf975f44dafab44f8b43ddba) Importer(815301076,1909f56bfc062723c751e8b465ee728b)  -> (artifact id: 'bb2f0379e34cc65b516d1a364d5d671a') in 0.069913 seconds 
========================================================================
Received Import Request.
  Time since last request: 0.000028 seconds.
  path: Assets/Scenes/CatBorg Studio/3D Dungeon Lowpoly Pack/Models/05_Vault_01_Rubin#1.fbx
  artifactKey: Guid(25c811799ef8eb94fb6299fcd3154bb6) Importer(815301076,1909f56bfc062723c751e8b465ee728b)
Start importing Assets/Scenes/CatBorg Studio/3D Dungeon Lowpoly Pack/Models/05_Vault_01_Rubin#1.fbx using Guid(25c811799ef8eb94fb6299fcd3154bb6) Importer(815301076,1909f56bfc062723c751e8b465ee728b)  -> (artifact id: '94bac77863e09bb696239597d44ffbd1') in 0.019969 seconds 
========================================================================
Received Import Request.
  Time since last request: 0.000030 seconds.
  path: Assets/Scenes/CatBorg Studio/3D Dungeon Lowpoly Pack/Models/97_Othert_Key_Green.fbx
  artifactKey: Guid(7d50fad5f036ead409f2647aaf87020b) Importer(815301076,1909f56bfc062723c751e8b465ee728b)
Start importing Assets/Scenes/CatBorg Studio/3D Dungeon Lowpoly Pack/Models/97_Othert_Key_Green.fbx using Guid(7d50fad5f036ead409f2647aaf87020b) Importer(815301076,1909f56bfc062723c751e8b465ee728b)  -> (artifact id: 'f7777ace25e06bb7584051ff0d7f593f') in 0.025050 seconds 
========================================================================
Received Import Request.
  Time since last request: 0.000051 seconds.
  path: Assets/Scenes/CatBorg Studio/3D Dungeon Lowpoly Pack/Models/96_Traps_Trap_Spiner.fbx
  artifactKey: Guid(029b3feb059e5fd4087be5a3773e3172) Importer(815301076,1909f56bfc062723c751e8b465ee728b)
Start importing Assets/Scenes/CatBorg Studio/3D Dungeon Lowpoly Pack/Models/96_Traps_Trap_Spiner.fbx using Guid(029b3feb059e5fd4087be5a3773e3172) Importer(815301076,1909f56bfc062723c751e8b465ee728b)  -> (artifact id: '3e9e84366bc12dfb4b46839b7646059e') in 0.032532 seconds 
========================================================================
Received Import Request.
  Time since last request: 0.000027 seconds.
  path: Assets/Scenes/CatBorg Studio/3D Dungeon Lowpoly Pack/Models/97_Othert_Key_Green_2.fbx
  artifactKey: Guid(999d42a44ea251841ad479678d0e76da) Importer(815301076,1909f56bfc062723c751e8b465ee728b)
Start importing Assets/Scenes/CatBorg Studio/3D Dungeon Lowpoly Pack/Models/97_Othert_Key_Green_2.fbx using Guid(999d42a44ea251841ad479678d0e76da) Importer(815301076,1909f56bfc062723c751e8b465ee728b)  -> (artifact id: '354c4408db876a5e4d8690ce50427dc1') in 0.044972 seconds 
========================================================================
Received Import Request.
  Time since last request: 0.000029 seconds.
  path: Assets/Scenes/CatBorg Studio/3D Dungeon Lowpoly Pack/Models/96_Traps_Trap_RamTower.fbx
  artifactKey: Guid(edbbcdc12b07aa844b4524d5f1b9cf13) Importer(815301076,1909f56bfc062723c751e8b465ee728b)
Start importing Assets/Scenes/CatBorg Studio/3D Dungeon Lowpoly Pack/Models/96_Traps_Trap_RamTower.fbx using Guid(edbbcdc12b07aa844b4524d5f1b9cf13) Importer(815301076,1909f56bfc062723c751e8b465ee728b)  -> (artifact id: 'e137b611e87c5e7dfbf446fadaa58998') in 0.036045 seconds 
========================================================================
Received Import Request.
  Time since last request: 0.000029 seconds.
  path: Assets/Scenes/CatBorg Studio/3D Dungeon Lowpoly Pack/Models/03_Blacksmith_01_Blower.fbx
  artifactKey: Guid(10054154c56d50d4d94c140c976354e6) Importer(815301076,1909f56bfc062723c751e8b465ee728b)
Start importing Assets/Scenes/CatBorg Studio/3D Dungeon Lowpoly Pack/Models/03_Blacksmith_01_Blower.fbx using Guid(10054154c56d50d4d94c140c976354e6) Importer(815301076,1909f56bfc062723c751e8b465ee728b)  -> (artifact id: '90c6b3ca57cbf6473044bdc883ff144c') in 0.021856 seconds 
========================================================================
Received Import Request.
  Time since last request: 0.000027 seconds.
  path: Assets/Scenes/CatBorg Studio/3D Dungeon Lowpoly Pack/Models/03_Blacksmith_01_Hammer#1.fbx
  artifactKey: Guid(69d98bde32b7f3e4bb75de0f21b4347f) Importer(815301076,1909f56bfc062723c751e8b465ee728b)
Start importing Assets/Scenes/CatBorg Studio/3D Dungeon Lowpoly Pack/Models/03_Blacksmith_01_Hammer#1.fbx using Guid(69d98bde32b7f3e4bb75de0f21b4347f) Importer(815301076,1909f56bfc062723c751e8b465ee728b)  -> (artifact id: 'f1aeb02f25ebfd06d3edcfda72cdf4b9') in 0.020658 seconds 
========================================================================
Received Import Request.
  Time since last request: 0.000046 seconds.
  path: Assets/Scenes/CatBorg Studio/3D Dungeon Lowpoly Pack/Models/03_Blacksmith_01_IronBar.fbx
  artifactKey: Guid(b4d25b5b4e001ea41bcf073d34ba01cb) Importer(815301076,1909f56bfc062723c751e8b465ee728b)
Start importing Assets/Scenes/CatBorg Studio/3D Dungeon Lowpoly Pack/Models/03_Blacksmith_01_IronBar.fbx using Guid(b4d25b5b4e001ea41bcf073d34ba01cb) Importer(815301076,1909f56bfc062723c751e8b465ee728b)  -> (artifact id: 'e22169fbd88b53778373ebdcb82d664b') in 0.037824 seconds 
========================================================================
Received Import Request.
  Time since last request: 0.000120 seconds.
  path: Assets/Scenes/CatBorg Studio/3D Dungeon Lowpoly Pack/Models/03_Blacksmith_01_Forge.fbx
  artifactKey: Guid(8d2c90bfe34335e44b8a0ab9891d9f42) Importer(815301076,1909f56bfc062723c751e8b465ee728b)
Start importing Assets/Scenes/CatBorg Studio/3D Dungeon Lowpoly Pack/Models/03_Blacksmith_01_Forge.fbx using Guid(8d2c90bfe34335e44b8a0ab9891d9f42) Importer(815301076,1909f56bfc062723c751e8b465ee728b)  -> (artifact id: 'f44e98738e54a0da936b41e1c415c757') in 0.025161 seconds 
========================================================================
Received Import Request.
  Time since last request: 0.000031 seconds.
  path: Assets/Scenes/CatBorg Studio/3D Dungeon Lowpoly Pack/Models/03_Blacksmith_01_CooperBar.fbx
  artifactKey: Guid(f0ee873b9c72e8849a5bf14636c21c4f) Importer(815301076,1909f56bfc062723c751e8b465ee728b)
Start importing Assets/Scenes/CatBorg Studio/3D Dungeon Lowpoly Pack/Models/03_Blacksmith_01_CooperBar.fbx using Guid(f0ee873b9c72e8849a5bf14636c21c4f) Importer(815301076,1909f56bfc062723c751e8b465ee728b)  -> (artifact id: '077bcdb0db617d59917b0cfef815d594') in 0.021322 seconds 
========================================================================
Received Import Request.
  Time since last request: 0.000139 seconds.
  path: Assets/Scenes/CatBorg Studio/3D Dungeon Lowpoly Pack/Models/99_Decorations_WallBanner_1.fbx
  artifactKey: Guid(6dd5d9c3842edac4888f79ff894f2d77) Importer(815301076,1909f56bfc062723c751e8b465ee728b)
Start importing Assets/Scenes/CatBorg Studio/3D Dungeon Lowpoly Pack/Models/99_Decorations_WallBanner_1.fbx using Guid(6dd5d9c3842edac4888f79ff894f2d77) Importer(815301076,1909f56bfc062723c751e8b465ee728b)  -> (artifact id: 'be33dddf5ac0727e137aeff232ba3921') in 0.023364 seconds 
========================================================================
Received Import Request.
  Time since last request: 0.000027 seconds.
  path: Assets/Scenes/CatBorg Studio/3D Dungeon Lowpoly Pack/Models/05_Vault_01_Chest_Top#1.fbx
  artifactKey: Guid(c2b00369f35bf6d4eb4d35c37db505c1) Importer(815301076,1909f56bfc062723c751e8b465ee728b)
Start importing Assets/Scenes/CatBorg Studio/3D Dungeon Lowpoly Pack/Models/05_Vault_01_Chest_Top#1.fbx using Guid(c2b00369f35bf6d4eb4d35c37db505c1) Importer(815301076,1909f56bfc062723c751e8b465ee728b)  -> (artifact id: '8afc3ad0143f9e79d1e511c4c8192e4c') in 0.063944 seconds 
========================================================================
Received Import Request.
  Time since last request: 0.370935 seconds.
  path: Assets/Scenes/CatBorg Studio/3D Dungeon Lowpoly Pack/Models/02_Kitchen_01_CookingPot#1_Stander.fbx
  artifactKey: Guid(af90d133d353ae4458d884c515f77053) Importer(815301076,1909f56bfc062723c751e8b465ee728b)
Start importing Assets/Scenes/CatBorg Studio/3D Dungeon Lowpoly Pack/Models/02_Kitchen_01_CookingPot#1_Stander.fbx using Guid(af90d133d353ae4458d884c515f77053) Importer(815301076,1909f56bfc062723c751e8b465ee728b)  -> (artifact id: 'd45ae450f5aa2f76fe3d7bfadee0e7d1') in 0.017847 seconds 
========================================================================
Received Import Request.
  Time since last request: 0.000027 seconds.
  path: Assets/Scenes/CatBorg Studio/3D Dungeon Lowpoly Pack/Models/02_Kitchen_01_CuttingBoard#2.fbx
  artifactKey: Guid(833386d75d20afc47ae8848a6f445176) Importer(815301076,1909f56bfc062723c751e8b465ee728b)
Start importing Assets/Scenes/CatBorg Studio/3D Dungeon Lowpoly Pack/Models/02_Kitchen_01_CuttingBoard#2.fbx using Guid(833386d75d20afc47ae8848a6f445176) Importer(815301076,1909f56bfc062723c751e8b465ee728b)  -> (artifact id: '69c48ba8cc4e7659514f925e5a99ee62') in 0.034376 seconds 
========================================================================
Received Import Request.
  Time since last request: 0.000038 seconds.
  path: Assets/Scenes/CatBorg Studio/3D Dungeon Lowpoly Pack/Models/03_Blacksmith_01_AnvilStand.fbx
  artifactKey: Guid(4ca9d429a2b619d4e86ca28ce00b4b5b) Importer(815301076,1909f56bfc062723c751e8b465ee728b)
Start importing Assets/Scenes/CatBorg Studio/3D Dungeon Lowpoly Pack/Models/03_Blacksmith_01_AnvilStand.fbx using Guid(4ca9d429a2b619d4e86ca28ce00b4b5b) Importer(815301076,1909f56bfc062723c751e8b465ee728b)  -> (artifact id: '35f502d9ca7a53e0b37c8a661ea858ab') in 0.023553 seconds 
========================================================================
Received Import Request.
  Time since last request: 0.000052 seconds.
  path: Assets/Scenes/CatBorg Studio/3D Dungeon Lowpoly Pack/Models/02_Kitchen_01_CookingPot#1.fbx
  artifactKey: Guid(80870dfe9805f444fab1862626cae728) Importer(815301076,1909f56bfc062723c751e8b465ee728b)
Start importing Assets/Scenes/CatBorg Studio/3D Dungeon Lowpoly Pack/Models/02_Kitchen_01_CookingPot#1.fbx using Guid(80870dfe9805f444fab1862626cae728) Importer(815301076,1909f56bfc062723c751e8b465ee728b)  -> (artifact id: 'cc00780df08a1c8b235cab26a4c8b3a7') in 0.045088 seconds 
========================================================================
Received Import Request.
  Time since last request: 0.000029 seconds.
  path: Assets/Scenes/CatBorg Studio/3D Dungeon Lowpoly Pack/Models/02_Kitchen_01_Chopper.fbx
  artifactKey: Guid(21676d294d655b5478ce76c58d15f06e) Importer(815301076,1909f56bfc062723c751e8b465ee728b)
Start importing Assets/Scenes/CatBorg Studio/3D Dungeon Lowpoly Pack/Models/02_Kitchen_01_Chopper.fbx using Guid(21676d294d655b5478ce76c58d15f06e) Importer(815301076,1909f56bfc062723c751e8b465ee728b)  -> (artifact id: '73cecd558cc3b9087ab168c286a9f1a5') in 0.025707 seconds 
========================================================================
Received Import Request.
  Time since last request: 0.001645 seconds.
  path: Assets/Scenes/CatBorg Studio/3D Dungeon Lowpoly Pack/Models/01_DiningHall_01_WoodenChear#2.fbx
  artifactKey: Guid(c80fb3990183d344fa2324303c88be54) Importer(815301076,1909f56bfc062723c751e8b465ee728b)
Start importing Assets/Scenes/CatBorg Studio/3D Dungeon Lowpoly Pack/Models/01_DiningHall_01_WoodenChear#2.fbx using Guid(c80fb3990183d344fa2324303c88be54) Importer(815301076,1909f56bfc062723c751e8b465ee728b)  -> (artifact id: '069533ad163110fd522f4e0f01bb2b50') in 0.041691 seconds 
========================================================================
Received Import Request.
  Time since last request: 0.000025 seconds.
  path: Assets/Scenes/CatBorg Studio/3D Dungeon Lowpoly Pack/Models/01_Library_01_Desk#2.fbx
  artifactKey: Guid(d9296ca73520c5942abb74bc4a400a54) Importer(815301076,1909f56bfc062723c751e8b465ee728b)
Start importing Assets/Scenes/CatBorg Studio/3D Dungeon Lowpoly Pack/Models/01_Library_01_Desk#2.fbx using Guid(d9296ca73520c5942abb74bc4a400a54) Importer(815301076,1909f56bfc062723c751e8b465ee728b)  -> (artifact id: '736046a9ee9a8eb1d74a77a79578bf50') in 0.026405 seconds 
========================================================================
Received Import Request.
  Time since last request: 0.000024 seconds.
  path: Assets/Scenes/CatBorg Studio/3D Dungeon Lowpoly Pack/Models/01_DiningHall_01_Bowl#1.fbx
  artifactKey: Guid(c0ce8dbd0c29671469ad6feb59e4b12d) Importer(815301076,1909f56bfc062723c751e8b465ee728b)
Start importing Assets/Scenes/CatBorg Studio/3D Dungeon Lowpoly Pack/Models/01_DiningHall_01_Bowl#1.fbx using Guid(c0ce8dbd0c29671469ad6feb59e4b12d) Importer(815301076,1909f56bfc062723c751e8b465ee728b)  -> (artifact id: 'ec394c905488b3cae8e000d9b80762d8') in 0.024679 seconds 
========================================================================
Received Import Request.
  Time since last request: 0.000047 seconds.
  path: Assets/Scenes/CatBorg Studio/3D Dungeon Lowpoly Pack/Models/01_DiningHall_01_Candels#1.fbx
  artifactKey: Guid(cb7b9e29b7b4e7d4da921799a3fac130) Importer(815301076,1909f56bfc062723c751e8b465ee728b)
Start importing Assets/Scenes/CatBorg Studio/3D Dungeon Lowpoly Pack/Models/01_DiningHall_01_Candels#1.fbx using Guid(cb7b9e29b7b4e7d4da921799a3fac130) Importer(815301076,1909f56bfc062723c751e8b465ee728b)  -> (artifact id: '7106c8e527cddfe9ab6e34a180aaff4f') in 0.022867 seconds 
========================================================================
Received Import Request.
  Time since last request: 0.000041 seconds.
  path: Assets/Scenes/CatBorg Studio/3D Dungeon Lowpoly Pack/Models/01_DiningHall_01_Bottle#3.fbx
  artifactKey: Guid(8c67db829d4459646af2df5502b713de) Importer(815301076,1909f56bfc062723c751e8b465ee728b)
Start importing Assets/Scenes/CatBorg Studio/3D Dungeon Lowpoly Pack/Models/01_DiningHall_01_Bottle#3.fbx using Guid(8c67db829d4459646af2df5502b713de) Importer(815301076,1909f56bfc062723c751e8b465ee728b)  -> (artifact id: 'f6ef3d51856d86cbc15c1946e884a9e4') in 0.286731 seconds 
========================================================================
Received Import Request.
  Time since last request: 31.460152 seconds.
  path: Assets/BrokenVector/LowPolyDungeon/Prefabs/Clutter
  artifactKey: Guid(1c6941bad723e984dba9697665c5e1b0) Importer(815301076,1909f56bfc062723c751e8b465ee728b)
Start importing Assets/BrokenVector/LowPolyDungeon/Prefabs/Clutter using Guid(1c6941bad723e984dba9697665c5e1b0) Importer(815301076,1909f56bfc062723c751e8b465ee728b)  -> (artifact id: '3c7094b1caa67706932ded4290ae6cb7') in 0.002958 seconds 
========================================================================
Received Import Request.
  Time since last request: 0.048444 seconds.
  path: Assets/BrokenVector/LowPolyDungeon/Prefabs/Clutter/Amphora.prefab
  artifactKey: Guid(afc3fedc78427f04097996d062288c66) Importer(815301076,1909f56bfc062723c751e8b465ee728b)
Start importing Assets/BrokenVector/LowPolyDungeon/Prefabs/Clutter/Amphora.prefab using Guid(afc3fedc78427f04097996d062288c66) Importer(815301076,1909f56bfc062723c751e8b465ee728b)  -> (artifact id: 'a2d67ad34623b2ba36af5f4d68ea6a4b') in 0.026124 seconds 
========================================================================
Received Import Request.
  Time since last request: 0.000024 seconds.
  path: Assets/BrokenVector/LowPolyDungeon/Prefabs/Clutter/Bone.prefab
  artifactKey: Guid(5c58fb2d7ad52444f85fc37bcad1f0a5) Importer(815301076,1909f56bfc062723c751e8b465ee728b)
Start importing Assets/BrokenVector/LowPolyDungeon/Prefabs/Clutter/Bone.prefab using Guid(5c58fb2d7ad52444f85fc37bcad1f0a5) Importer(815301076,1909f56bfc062723c751e8b465ee728b)  -> (artifact id: 'bf722fb4a6a79e2fb4564799e81aaa6a') in 0.044139 seconds 
========================================================================
Received Import Request.
  Time since last request: 0.000028 seconds.
  path: Assets/BrokenVector/LowPolyDungeon/Prefabs/Clutter/Book_Brown.prefab
  artifactKey: Guid(20dc69066f16acc48b952aed5b788376) Importer(815301076,1909f56bfc062723c751e8b465ee728b)
Start importing Assets/BrokenVector/LowPolyDungeon/Prefabs/Clutter/Book_Brown.prefab using Guid(20dc69066f16acc48b952aed5b788376) Importer(815301076,1909f56bfc062723c751e8b465ee728b)  -> (artifact id: '6aff415e23f8a61105c0bc11c9667d9e') in 0.042953 seconds 
========================================================================
Received Import Request.
  Time since last request: 0.000039 seconds.
  path: Assets/BrokenVector/LowPolyDungeon/Prefabs/Clutter/Bottle.prefab
  artifactKey: Guid(3afb8732572259f48b225fe84c54f700) Importer(815301076,1909f56bfc062723c751e8b465ee728b)
Start importing Assets/BrokenVector/LowPolyDungeon/Prefabs/Clutter/Bottle.prefab using Guid(3afb8732572259f48b225fe84c54f700) Importer(815301076,1909f56bfc062723c751e8b465ee728b)  -> (artifact id: '09fc8a7abe2e6b97d60ac83c3b68cdea') in 0.397974 seconds 
========================================================================
Received Import Request.
  Time since last request: 0.000029 seconds.
  path: Assets/BrokenVector/LowPolyDungeon/Prefabs/Clutter/Bowl.prefab
  artifactKey: Guid(3c1e991e5a0b47a44aeb37bfdea11de9) Importer(815301076,1909f56bfc062723c751e8b465ee728b)
Start importing Assets/BrokenVector/LowPolyDungeon/Prefabs/Clutter/Bowl.prefab using Guid(3c1e991e5a0b47a44aeb37bfdea11de9) Importer(815301076,1909f56bfc062723c751e8b465ee728b)  -> (artifact id: '7220e8ee159e734b82e3381f27b3f9be') in 0.019503 seconds 
========================================================================
Received Import Request.
  Time since last request: 0.000046 seconds.
  path: Assets/BrokenVector/LowPolyDungeon/Prefabs/Clutter/Bucket.prefab
  artifactKey: Guid(6eee7306fe377634f9645a176df43265) Importer(815301076,1909f56bfc062723c751e8b465ee728b)
Start importing Assets/BrokenVector/LowPolyDungeon/Prefabs/Clutter/Bucket.prefab using Guid(6eee7306fe377634f9645a176df43265) Importer(815301076,1909f56bfc062723c751e8b465ee728b)  -> (artifact id: 'ccb78e1110576b5031bdb53de8bc33fb') in 0.169617 seconds 
========================================================================
Received Import Request.
  Time since last request: 0.000031 seconds.
  path: Assets/BrokenVector/LowPolyDungeon/Prefabs/Clutter/Beaker_Small.prefab
  artifactKey: Guid(f86dc25794fda774aa908152821e0248) Importer(815301076,1909f56bfc062723c751e8b465ee728b)
Start importing Assets/BrokenVector/LowPolyDungeon/Prefabs/Clutter/Beaker_Small.prefab using Guid(f86dc25794fda774aa908152821e0248) Importer(815301076,1909f56bfc062723c751e8b465ee728b)  -> (artifact id: '99c482fd120732957350b90dc5552de1') in 0.283445 seconds 
========================================================================
Received Import Request.
  Time since last request: 0.509024 seconds.
  path: Assets/BrokenVector/LowPolyDungeon/Prefabs/Clutter/Cauldron_Full.prefab
  artifactKey: Guid(d6ade90f396755c42b43f8006323ec2c) Importer(815301076,1909f56bfc062723c751e8b465ee728b)
Start importing Assets/BrokenVector/LowPolyDungeon/Prefabs/Clutter/Cauldron_Full.prefab using Guid(d6ade90f396755c42b43f8006323ec2c) Importer(815301076,1909f56bfc062723c751e8b465ee728b)  -> (artifact id: 'bbe8eed6d4725105ad67485fb10f912c') in 0.019578 seconds 
========================================================================
Received Import Request.
  Time since last request: 0.000025 seconds.
  path: Assets/BrokenVector/LowPolyDungeon/Prefabs/Clutter/Flask.prefab
  artifactKey: Guid(36e40447bab70064ea6c6858147b7c57) Importer(815301076,1909f56bfc062723c751e8b465ee728b)
Start importing Assets/BrokenVector/LowPolyDungeon/Prefabs/Clutter/Flask.prefab using Guid(36e40447bab70064ea6c6858147b7c57) Importer(815301076,1909f56bfc062723c751e8b465ee728b)  -> (artifact id: '3e293362f3033596fd99287531346919') in 0.022988 seconds 
========================================================================
Received Import Request.
  Time since last request: 0.000128 seconds.
  path: Assets/BrokenVector/LowPolyDungeon/Prefabs/Clutter/CrystalBall.prefab
  artifactKey: Guid(7234c83608121694ebb0c6175d854ed0) Importer(815301076,1909f56bfc062723c751e8b465ee728b)
Start importing Assets/BrokenVector/LowPolyDungeon/Prefabs/Clutter/CrystalBall.prefab using Guid(7234c83608121694ebb0c6175d854ed0) Importer(815301076,1909f56bfc062723c751e8b465ee728b)  -> (artifact id: 'ae0559749d281c5ccde6c18a735dd4b5') in 0.019256 seconds 
========================================================================
Received Import Request.
  Time since last request: 0.000095 seconds.
  path: Assets/BrokenVector/LowPolyDungeon/Prefabs/Clutter/CrystalBall_Stand.prefab
  artifactKey: Guid(ab52575a7bb2b244a9dd104afe101920) Importer(815301076,1909f56bfc062723c751e8b465ee728b)
Start importing Assets/BrokenVector/LowPolyDungeon/Prefabs/Clutter/CrystalBall_Stand.prefab using Guid(ab52575a7bb2b244a9dd104afe101920) Importer(815301076,1909f56bfc062723c751e8b465ee728b)  -> (artifact id: 'e4e6646649112c8a92649a1e1e97b9bf') in 0.016799 seconds 
========================================================================
Received Import Request.
  Time since last request: 0.000050 seconds.
  path: Assets/BrokenVector/LowPolyDungeon/Prefabs/Clutter/Drinkinghorn.prefab
  artifactKey: Guid(fa010434c7d21fe49900567be9f32b92) Importer(815301076,1909f56bfc062723c751e8b465ee728b)
Start importing Assets/BrokenVector/LowPolyDungeon/Prefabs/Clutter/Drinkinghorn.prefab using Guid(fa010434c7d21fe49900567be9f32b92) Importer(815301076,1909f56bfc062723c751e8b465ee728b)  -> (artifact id: 'da7c6e049f074eed41ec94d188bbbf3b') in 0.018467 seconds 
========================================================================
Received Import Request.
  Time since last request: 0.537512 seconds.
  path: Assets/BrokenVector/LowPolyDungeon/Prefabs/Clutter/Flask_Small.prefab
  artifactKey: Guid(f9be67b5c2b943c4298ffa1eb91ccf87) Importer(815301076,1909f56bfc062723c751e8b465ee728b)
Start importing Assets/BrokenVector/LowPolyDungeon/Prefabs/Clutter/Flask_Small.prefab using Guid(f9be67b5c2b943c4298ffa1eb91ccf87) Importer(815301076,1909f56bfc062723c751e8b465ee728b)  -> (artifact id: 'cc83f788a655ff8b6ec9e793ce633c36') in 0.015767 seconds 
========================================================================
Received Import Request.
  Time since last request: 0.000030 seconds.
  path: Assets/BrokenVector/LowPolyDungeon/Prefabs/Clutter/Inkwell.prefab
  artifactKey: Guid(b402bc0133532434b873cefde0db7814) Importer(815301076,1909f56bfc062723c751e8b465ee728b)
Start importing Assets/BrokenVector/LowPolyDungeon/Prefabs/Clutter/Inkwell.prefab using Guid(b402bc0133532434b873cefde0db7814) Importer(815301076,1909f56bfc062723c751e8b465ee728b)  -> (artifact id: '6195fbf064776341d4f8db6b4fe8065a') in 0.023946 seconds 
========================================================================
Received Import Request.
  Time since last request: 0.000063 seconds.
  path: Assets/BrokenVector/LowPolyDungeon/Prefabs/Clutter/Jar_Big.prefab
  artifactKey: Guid(741afadbc8ee8d6498f2ac5ed155cefb) Importer(815301076,1909f56bfc062723c751e8b465ee728b)
Start importing Assets/BrokenVector/LowPolyDungeon/Prefabs/Clutter/Jar_Big.prefab using Guid(741afadbc8ee8d6498f2ac5ed155cefb) Importer(815301076,1909f56bfc062723c751e8b465ee728b)  -> (artifact id: '24bb6382c0237ccf47e1be4eaa8d98a2') in 0.022329 seconds 
========================================================================
Received Import Request.
  Time since last request: 0.302300 seconds.
  path: Assets/BrokenVector/LowPolyDungeon/Prefabs/Clutter/Jug.prefab
  artifactKey: Guid(f3fb1271ede9bf8469d8b99637b77b42) Importer(815301076,1909f56bfc062723c751e8b465ee728b)
Start importing Assets/BrokenVector/LowPolyDungeon/Prefabs/Clutter/Jug.prefab using Guid(f3fb1271ede9bf8469d8b99637b77b42) Importer(815301076,1909f56bfc062723c751e8b465ee728b)  -> (artifact id: '7c5fc4a5fc0420636d8ac2e75800af9a') in 0.012913 seconds 
========================================================================
Received Import Request.
  Time since last request: 0.000029 seconds.
  path: Assets/BrokenVector/LowPolyDungeon/Prefabs/Clutter/Plant_Root.prefab
  artifactKey: Guid(dd46835ba98bdda46807dfc0f3f9c889) Importer(815301076,1909f56bfc062723c751e8b465ee728b)
Start importing Assets/BrokenVector/LowPolyDungeon/Prefabs/Clutter/Plant_Root.prefab using Guid(dd46835ba98bdda46807dfc0f3f9c889) Importer(815301076,1909f56bfc062723c751e8b465ee728b)  -> (artifact id: 'd9070e24631b7a39495e6d90999fcd67') in 0.022488 seconds 
========================================================================
Received Import Request.
  Time since last request: 0.000030 seconds.
  path: Assets/BrokenVector/LowPolyDungeon/Prefabs/Clutter/Knife.prefab
  artifactKey: Guid(09853b7f062375a438e1fcc026b8e7ba) Importer(815301076,1909f56bfc062723c751e8b465ee728b)
Start importing Assets/BrokenVector/LowPolyDungeon/Prefabs/Clutter/Knife.prefab using Guid(09853b7f062375a438e1fcc026b8e7ba) Importer(815301076,1909f56bfc062723c751e8b465ee728b)  -> (artifact id: '197eeb36045f9fe408dd89ac00b88b29') in 0.029834 seconds 
========================================================================
Received Import Request.
  Time since last request: 0.265229 seconds.
  path: Assets/BrokenVector/LowPolyDungeon/Prefabs/Clutter/Plate.prefab
  artifactKey: Guid(3e776a5d11f6ff7479236101fa9f7d31) Importer(815301076,1909f56bfc062723c751e8b465ee728b)
Start importing Assets/BrokenVector/LowPolyDungeon/Prefabs/Clutter/Plate.prefab using Guid(3e776a5d11f6ff7479236101fa9f7d31) Importer(815301076,1909f56bfc062723c751e8b465ee728b)  -> (artifact id: '63c59661fa0b628ca02da3c1b5dde4b6') in 0.014227 seconds 
========================================================================
Received Import Request.
  Time since last request: 0.000022 seconds.
  path: Assets/BrokenVector/LowPolyDungeon/Prefabs/Clutter/Scroll_Big.prefab
  artifactKey: Guid(16e7a0741a070bb47bebfd085ef8cddf) Importer(815301076,1909f56bfc062723c751e8b465ee728b)
Start importing Assets/BrokenVector/LowPolyDungeon/Prefabs/Clutter/Scroll_Big.prefab using Guid(16e7a0741a070bb47bebfd085ef8cddf) Importer(815301076,1909f56bfc062723c751e8b465ee728b)  -> (artifact id: '472d672ce16324e1d0e5f34b8485ab42') in 0.016294 seconds 
========================================================================
Received Import Request.
  Time since last request: 0.000026 seconds.
  path: Assets/BrokenVector/LowPolyDungeon/Prefabs/Clutter/Quill.prefab
  artifactKey: Guid(01b18908cb794a34a8fc133e9f4ec355) Importer(815301076,1909f56bfc062723c751e8b465ee728b)
Start importing Assets/BrokenVector/LowPolyDungeon/Prefabs/Clutter/Quill.prefab using Guid(01b18908cb794a34a8fc133e9f4ec355) Importer(815301076,1909f56bfc062723c751e8b465ee728b)  -> (artifact id: '4dc1b074390601dbb09c820fcf8a44d1') in 0.015897 seconds 
========================================================================
Received Import Request.
  Time since last request: 0.000031 seconds.
  path: Assets/BrokenVector/LowPolyDungeon/Prefabs/Clutter/Potion_Blue.prefab
  artifactKey: Guid(dfa07040f3b61f648bc8ad1291f6cbdb) Importer(815301076,1909f56bfc062723c751e8b465ee728b)
Start importing Assets/BrokenVector/LowPolyDungeon/Prefabs/Clutter/Potion_Blue.prefab using Guid(dfa07040f3b61f648bc8ad1291f6cbdb) Importer(815301076,1909f56bfc062723c751e8b465ee728b)  -> (artifact id: 'ee977c03d6e240f3fbbe04ebd8298b6a') in 0.018900 seconds 
========================================================================
Received Import Request.
  Time since last request: 0.000031 seconds.
  path: Assets/BrokenVector/LowPolyDungeon/Prefabs/Clutter/Shield.prefab
  artifactKey: Guid(628b35708d1b48849ae6ee2b707ee8f1) Importer(815301076,1909f56bfc062723c751e8b465ee728b)
Start importing Assets/BrokenVector/LowPolyDungeon/Prefabs/Clutter/Shield.prefab using Guid(628b35708d1b48849ae6ee2b707ee8f1) Importer(815301076,1909f56bfc062723c751e8b465ee728b)  -> (artifact id: '4037406d95dc351c00cefcceb6247324') in 0.028186 seconds 
========================================================================
Received Import Request.
  Time since last request: 0.000032 seconds.
  path: Assets/BrokenVector/LowPolyDungeon/Prefabs/Clutter/Skull.prefab
  artifactKey: Guid(a13b8883072533940b5bcfde3cbc03a0) Importer(815301076,1909f56bfc062723c751e8b465ee728b)
Start importing Assets/BrokenVector/LowPolyDungeon/Prefabs/Clutter/Skull.prefab using Guid(a13b8883072533940b5bcfde3cbc03a0) Importer(815301076,1909f56bfc062723c751e8b465ee728b)  -> (artifact id: 'a0fe175c8065eef2db2ffc8b8f54b841') in 0.024885 seconds 
========================================================================
Received Import Request.
  Time since last request: 0.000039 seconds.
  path: Assets/BrokenVector/LowPolyDungeon/Prefabs/Clutter/Scroll_Stack.prefab
  artifactKey: Guid(2e12945ebe1b72244a54adef7e7dc627) Importer(815301076,1909f56bfc062723c751e8b465ee728b)
Start importing Assets/BrokenVector/LowPolyDungeon/Prefabs/Clutter/Scroll_Stack.prefab using Guid(2e12945ebe1b72244a54adef7e7dc627) Importer(815301076,1909f56bfc062723c751e8b465ee728b)  -> (artifact id: '24143b52a9b6e91f7ab7b4b5080601d4') in 0.021550 seconds 
========================================================================
Received Import Request.
  Time since last request: 0.000027 seconds.
  path: Assets/BrokenVector/LowPolyDungeon/Prefabs/Clutter/SwitchSecret.prefab
  artifactKey: Guid(e574f658d3fabcc43bdbe89b4425b18b) Importer(815301076,1909f56bfc062723c751e8b465ee728b)
Start importing Assets/BrokenVector/LowPolyDungeon/Prefabs/Clutter/SwitchSecret.prefab using Guid(e574f658d3fabcc43bdbe89b4425b18b) Importer(815301076,1909f56bfc062723c751e8b465ee728b)  -> (artifact id: 'bc6970f3b2f795ebfff7af36f1ebe4d5') in 0.020186 seconds 
========================================================================
Received Import Request.
  Time since last request: 0.000088 seconds.
  path: Assets/BrokenVector/LowPolyDungeon/Prefabs/Clutter/Wineglass.prefab
  artifactKey: Guid(d8e4874eaa27b1749b17632d68f5fd79) Importer(815301076,1909f56bfc062723c751e8b465ee728b)
Start importing Assets/BrokenVector/LowPolyDungeon/Prefabs/Clutter/Wineglass.prefab using Guid(d8e4874eaa27b1749b17632d68f5fd79) Importer(815301076,1909f56bfc062723c751e8b465ee728b)  -> (artifact id: '7ed532e73c166478c541ee37343d5c87') in 0.014063 seconds 
========================================================================
Received Import Request.
  Time since last request: 2.813664 seconds.
  path: Assets/BrokenVector/LowPolyDungeon/Prefabs/Furniture/Chest.prefab
  artifactKey: Guid(944bff624466e4242a3377fba75ddaf3) Importer(815301076,1909f56bfc062723c751e8b465ee728b)
Start importing Assets/BrokenVector/LowPolyDungeon/Prefabs/Furniture/Chest.prefab using Guid(944bff624466e4242a3377fba75ddaf3) Importer(815301076,1909f56bfc062723c751e8b465ee728b)  -> (artifact id: 'f1ab26697650276f7d540ffe1e134595') in 0.020089 seconds 
========================================================================
Received Import Request.
  Time since last request: 0.000028 seconds.
  path: Assets/BrokenVector/LowPolyDungeon/Prefabs/Furniture/Fireplace.prefab
  artifactKey: Guid(55320ad6284175349b1008aaf7238c7a) Importer(815301076,1909f56bfc062723c751e8b465ee728b)
Start importing Assets/BrokenVector/LowPolyDungeon/Prefabs/Furniture/Fireplace.prefab using Guid(55320ad6284175349b1008aaf7238c7a) Importer(815301076,1909f56bfc062723c751e8b465ee728b)  -> (artifact id: '8a1eb4b56a8e2a28103e6285c4a79e81') in 0.031250 seconds 
========================================================================
Received Import Request.
  Time since last request: 0.000024 seconds.
  path: Assets/BrokenVector/LowPolyDungeon/Prefabs/Furniture/Table_Big.prefab
  artifactKey: Guid(0a7f51b5f4ba6294a889f661114da0d3) Importer(815301076,1909f56bfc062723c751e8b465ee728b)
Start importing Assets/BrokenVector/LowPolyDungeon/Prefabs/Furniture/Table_Big.prefab using Guid(0a7f51b5f4ba6294a889f661114da0d3) Importer(815301076,1909f56bfc062723c751e8b465ee728b)  -> (artifact id: 'd65ce9f656e6263e7da16cca66247ede') in 0.037704 seconds 
========================================================================
Received Import Request.
  Time since last request: 0.000026 seconds.
  path: Assets/BrokenVector/LowPolyDungeon/Prefabs/Furniture/Stool_square.prefab
  artifactKey: Guid(a05d4d94c1106004abcd87df4b8f1777) Importer(815301076,1909f56bfc062723c751e8b465ee728b)
Start importing Assets/BrokenVector/LowPolyDungeon/Prefabs/Furniture/Stool_square.prefab using Guid(a05d4d94c1106004abcd87df4b8f1777) Importer(815301076,1909f56bfc062723c751e8b465ee728b)  -> (artifact id: '7ac65e073798459805e579d3ede1c06f') in 0.022889 seconds 
========================================================================
Received Import Request.
  Time since last request: 0.000026 seconds.
  path: Assets/BrokenVector/LowPolyDungeon/Prefabs/Furniture/Throne.prefab
  artifactKey: Guid(760c802c9bcad6e4c98ab4909f7e92da) Importer(815301076,1909f56bfc062723c751e8b465ee728b)
Start importing Assets/BrokenVector/LowPolyDungeon/Prefabs/Furniture/Throne.prefab using Guid(760c802c9bcad6e4c98ab4909f7e92da) Importer(815301076,1909f56bfc062723c751e8b465ee728b)  -> (artifact id: 'c78b6d57a3643778331d0ed289453472') in 0.018874 seconds 
========================================================================
Received Import Request.
  Time since last request: 0.000039 seconds.
  path: Assets/BrokenVector/LowPolyDungeon/Prefabs/Furniture/Table_Small.prefab
  artifactKey: Guid(ce285a7430946e24ca0a9218777a7805) Importer(815301076,1909f56bfc062723c751e8b465ee728b)
Start importing Assets/BrokenVector/LowPolyDungeon/Prefabs/Furniture/Table_Small.prefab using Guid(ce285a7430946e24ca0a9218777a7805) Importer(815301076,1909f56bfc062723c751e8b465ee728b)  -> (artifact id: '7b36aca36a7ff23d6941a2e484dbfd6e') in 0.025767 seconds 
========================================================================
Received Import Request.
  Time since last request: 0.436245 seconds.
  path: Assets/BrokenVector/LowPolyDungeon/Prefabs/Furniture/Amphora_Stand.prefab
  artifactKey: Guid(f5709a3035aa0ca4d94745aaf44038fd) Importer(815301076,1909f56bfc062723c751e8b465ee728b)
Start importing Assets/BrokenVector/LowPolyDungeon/Prefabs/Furniture/Amphora_Stand.prefab using Guid(f5709a3035aa0ca4d94745aaf44038fd) Importer(815301076,1909f56bfc062723c751e8b465ee728b)  -> (artifact id: '6078107e28db6162dabfcb58313232a8') in 0.012766 seconds 
========================================================================
Received Import Request.
  Time since last request: 0.000028 seconds.
  path: Assets/BrokenVector/LowPolyDungeon/Prefabs/Furniture/Bench.prefab
  artifactKey: Guid(ad2e0cfa2e8733c46ae66652ae0714f5) Importer(815301076,1909f56bfc062723c751e8b465ee728b)
Start importing Assets/BrokenVector/LowPolyDungeon/Prefabs/Furniture/Bench.prefab using Guid(ad2e0cfa2e8733c46ae66652ae0714f5) Importer(815301076,1909f56bfc062723c751e8b465ee728b)  -> (artifact id: '5d4b672cba96a441a089aae24b4496b4') in 0.019269 seconds 
========================================================================
Received Import Request.
  Time since last request: 0.000094 seconds.
  path: Assets/BrokenVector/LowPolyDungeon/Prefabs/Furniture/Chair.prefab
  artifactKey: Guid(dc02f77b0506f764c9d22c61c681c4af) Importer(815301076,1909f56bfc062723c751e8b465ee728b)
Start importing Assets/BrokenVector/LowPolyDungeon/Prefabs/Furniture/Chair.prefab using Guid(dc02f77b0506f764c9d22c61c681c4af) Importer(815301076,1909f56bfc062723c751e8b465ee728b)  -> (artifact id: 'ddaf0ceabff22adb856b360b5208b264') in 0.019179 seconds 
========================================================================
Received Import Request.
  Time since last request: 0.000029 seconds.
  path: Assets/BrokenVector/LowPolyDungeon/Prefabs/Furniture/Carpet_Red.prefab
  artifactKey: Guid(1e711044cbc639d44aa004669771969e) Importer(815301076,1909f56bfc062723c751e8b465ee728b)
Start importing Assets/BrokenVector/LowPolyDungeon/Prefabs/Furniture/Carpet_Red.prefab using Guid(1e711044cbc639d44aa004669771969e) Importer(815301076,1909f56bfc062723c751e8b465ee728b)  -> (artifact id: '707c3f270268f4d62651b89d7a2e3a9c') in 0.016598 seconds 
========================================================================
Received Import Request.
  Time since last request: 5.309660 seconds.
  path: Assets/BrokenVector/LowPolyDungeon/Prefabs/Lamps/Candlestick.prefab
  artifactKey: Guid(23e2a639ca3c8bb43ba7ae9988ecc0e4) Importer(815301076,1909f56bfc062723c751e8b465ee728b)
Start importing Assets/BrokenVector/LowPolyDungeon/Prefabs/Lamps/Candlestick.prefab using Guid(23e2a639ca3c8bb43ba7ae9988ecc0e4) Importer(815301076,1909f56bfc062723c751e8b465ee728b)  -> (artifact id: 'aefecc927c8c804d70b6c209807ac87c') in 0.015906 seconds 
========================================================================
Received Import Request.
  Time since last request: 0.000034 seconds.
  path: Assets/BrokenVector/LowPolyDungeon/Prefabs/Lamps/Torch.prefab
  artifactKey: Guid(98ba86548ddcd664e9df1d008a5c8f97) Importer(815301076,1909f56bfc062723c751e8b465ee728b)
Start importing Assets/BrokenVector/LowPolyDungeon/Prefabs/Lamps/Torch.prefab using Guid(98ba86548ddcd664e9df1d008a5c8f97) Importer(815301076,1909f56bfc062723c751e8b465ee728b)  -> (artifact id: '5a395a8e66381d82bea1bbb2bbe4f8d2') in 0.021169 seconds 
========================================================================
Received Import Request.
  Time since last request: 0.000037 seconds.
  path: Assets/BrokenVector/LowPolyDungeon/Prefabs/Lamps/Chandelier.prefab
  artifactKey: Guid(2b5f6b76f1ed47f4f8bc90c9aff3184b) Importer(815301076,1909f56bfc062723c751e8b465ee728b)
Start importing Assets/BrokenVector/LowPolyDungeon/Prefabs/Lamps/Chandelier.prefab using Guid(2b5f6b76f1ed47f4f8bc90c9aff3184b) Importer(815301076,1909f56bfc062723c751e8b465ee728b)  -> (artifact id: '57e95f652eb0415471bcfe77c46af659') in 0.021154 seconds 
========================================================================
Received Import Request.
  Time since last request: 0.322531 seconds.
  path: Assets/BrokenVector/LowPolyDungeon/Prefabs/Tiles/Balcony.prefab
  artifactKey: Guid(a9c55b2fac05ba248a24bd117da7b964) Importer(815301076,1909f56bfc062723c751e8b465ee728b)
Start importing Assets/BrokenVector/LowPolyDungeon/Prefabs/Tiles/Balcony.prefab using Guid(a9c55b2fac05ba248a24bd117da7b964) Importer(815301076,1909f56bfc062723c751e8b465ee728b)  -> (artifact id: 'f3c5f142f0a24ff25ec2cb870bb4eca6') in 0.018669 seconds 
========================================================================
Received Import Request.
  Time since last request: 0.000030 seconds.
  path: Assets/BrokenVector/LowPolyDungeon/Prefabs/Tiles/Dungeon_Big_Window.prefab
  artifactKey: Guid(e1b562557332b084b8dbc191884e6f92) Importer(815301076,1909f56bfc062723c751e8b465ee728b)
Start importing Assets/BrokenVector/LowPolyDungeon/Prefabs/Tiles/Dungeon_Big_Window.prefab using Guid(e1b562557332b084b8dbc191884e6f92) Importer(815301076,1909f56bfc062723c751e8b465ee728b)  -> (artifact id: 'd3be843a378b0842f71a9106fb69f043') in 0.016990 seconds 
========================================================================
Received Import Request.
  Time since last request: 0.000037 seconds.
  path: Assets/BrokenVector/LowPolyDungeon/Prefabs/Tiles/Dungeon_Big.prefab
  artifactKey: Guid(6cb084713de342d4d94969b0f4ad068f) Importer(815301076,1909f56bfc062723c751e8b465ee728b)
Start importing Assets/BrokenVector/LowPolyDungeon/Prefabs/Tiles/Dungeon_Big.prefab using Guid(6cb084713de342d4d94969b0f4ad068f) Importer(815301076,1909f56bfc062723c751e8b465ee728b)  -> (artifact id: '392f1b17344705a7f371405a90a89961') in 0.025845 seconds 
========================================================================
Received Import Request.
  Time since last request: 0.000044 seconds.
  path: Assets/BrokenVector/LowPolyDungeon/Prefabs/Tiles/Dungeon_Big_to_Custom.prefab
  artifactKey: Guid(a8df3746f46c949429b741b6b3defcb3) Importer(815301076,1909f56bfc062723c751e8b465ee728b)
Start importing Assets/BrokenVector/LowPolyDungeon/Prefabs/Tiles/Dungeon_Big_to_Custom.prefab using Guid(a8df3746f46c949429b741b6b3defcb3) Importer(815301076,1909f56bfc062723c751e8b465ee728b)  -> (artifact id: 'b18e346b117fee109c1d7b1c58119568') in 0.017041 seconds 
========================================================================
Received Import Request.
  Time since last request: 0.000046 seconds.
  path: Assets/BrokenVector/LowPolyDungeon/Prefabs/Tiles/Basement_Wall_Var1.prefab
  artifactKey: Guid(e52fa0ab130d63b42bcdd15456a87141) Importer(815301076,1909f56bfc062723c751e8b465ee728b)
Start importing Assets/BrokenVector/LowPolyDungeon/Prefabs/Tiles/Basement_Wall_Var1.prefab using Guid(e52fa0ab130d63b42bcdd15456a87141) Importer(815301076,1909f56bfc062723c751e8b465ee728b)  -> (artifact id: '3dbd30e5515982c6496a8a179a010a72') in 0.028110 seconds 
========================================================================
Received Import Request.
  Time since last request: 0.000027 seconds.
  path: Assets/BrokenVector/LowPolyDungeon/Prefabs/Tiles/Basement_Var1.prefab
  artifactKey: Guid(7b9bd4ff48795cf42b9f4a6c3b8a49c1) Importer(815301076,1909f56bfc062723c751e8b465ee728b)
Start importing Assets/BrokenVector/LowPolyDungeon/Prefabs/Tiles/Basement_Var1.prefab using Guid(7b9bd4ff48795cf42b9f4a6c3b8a49c1) Importer(815301076,1909f56bfc062723c751e8b465ee728b)  -> (artifact id: '79fe4edfa7e07bd3f9ecf78787fb6793') in 0.246260 seconds 
========================================================================
Received Import Request.
  Time since last request: 0.000038 seconds.
  path: Assets/BrokenVector/LowPolyDungeon/Prefabs/Tiles/Basement_Var3.prefab
  artifactKey: Guid(e8782814328328c44b5fd078c06fbe10) Importer(815301076,1909f56bfc062723c751e8b465ee728b)
Start importing Assets/BrokenVector/LowPolyDungeon/Prefabs/Tiles/Basement_Var3.prefab using Guid(e8782814328328c44b5fd078c06fbe10) Importer(815301076,1909f56bfc062723c751e8b465ee728b)  -> (artifact id: 'e84b11dbd4cd29ca6ad2440831337034') in 0.022636 seconds 
========================================================================
Received Import Request.
  Time since last request: 0.000033 seconds.
  path: Assets/BrokenVector/LowPolyDungeon/Prefabs/Tiles/Dungeon_Big_Wall.prefab
  artifactKey: Guid(3ef94e73d5607784fbcbba8de4155b1e) Importer(815301076,1909f56bfc062723c751e8b465ee728b)
Start importing Assets/BrokenVector/LowPolyDungeon/Prefabs/Tiles/Dungeon_Big_Wall.prefab using Guid(3ef94e73d5607784fbcbba8de4155b1e) Importer(815301076,1909f56bfc062723c751e8b465ee728b)  -> (artifact id: 'ce784128f419859af090cda3a792a2c1') in 0.017293 seconds 
========================================================================
Received Import Request.
  Time since last request: 0.000030 seconds.
  path: Assets/BrokenVector/LowPolyDungeon/Prefabs/Tiles/Dungeon_CornerCrossing.prefab
  artifactKey: Guid(dd7a26e18353799418d77212cc3275fe) Importer(815301076,1909f56bfc062723c751e8b465ee728b)
Start importing Assets/BrokenVector/LowPolyDungeon/Prefabs/Tiles/Dungeon_CornerCrossing.prefab using Guid(dd7a26e18353799418d77212cc3275fe) Importer(815301076,1909f56bfc062723c751e8b465ee728b)  -> (artifact id: '88b0cb193541789768482ec010507351') in 0.019948 seconds 
========================================================================
Received Import Request.
  Time since last request: 0.000061 seconds.
  path: Assets/BrokenVector/LowPolyDungeon/Prefabs/Tiles/Door_Wooden_Round_Right.prefab
  artifactKey: Guid(15745f8b70e5d524183539fa272d90a3) Importer(815301076,1909f56bfc062723c751e8b465ee728b)
Start importing Assets/BrokenVector/LowPolyDungeon/Prefabs/Tiles/Door_Wooden_Round_Right.prefab using Guid(15745f8b70e5d524183539fa272d90a3) Importer(815301076,1909f56bfc062723c751e8b465ee728b)  -> (artifact id: '526e28565ea92953cb3dcc9af64e5c52') in 0.021227 seconds 
========================================================================
Received Import Request.
  Time since last request: 0.000028 seconds.
  path: Assets/BrokenVector/LowPolyDungeon/Prefabs/Tiles/Dungeon_Custom_Border_Flat.prefab
  artifactKey: Guid(672e720ef69a65b44a71577cd7cc26ed) Importer(815301076,1909f56bfc062723c751e8b465ee728b)
Start importing Assets/BrokenVector/LowPolyDungeon/Prefabs/Tiles/Dungeon_Custom_Border_Flat.prefab using Guid(672e720ef69a65b44a71577cd7cc26ed) Importer(815301076,1909f56bfc062723c751e8b465ee728b)  -> (artifact id: 'f1cff3a2ed040e8923411043f30ab451') in 0.038912 seconds 
========================================================================
Received Import Request.
  Time since last request: 0.000027 seconds.
  path: Assets/BrokenVector/LowPolyDungeon/Prefabs/Tiles/Basement_Var4.prefab
  artifactKey: Guid(303434915ff72994f860f6202a4ef5f5) Importer(815301076,1909f56bfc062723c751e8b465ee728b)
Start importing Assets/BrokenVector/LowPolyDungeon/Prefabs/Tiles/Basement_Var4.prefab using Guid(303434915ff72994f860f6202a4ef5f5) Importer(815301076,1909f56bfc062723c751e8b465ee728b)  -> (artifact id: 'c229ef7b6f1573dd174a444bc4d65254') in 0.068779 seconds 
========================================================================
Received Import Request.
  Time since last request: 1.757547 seconds.
  path: Assets/BrokenVector/LowPolyDungeon/Prefabs/Tiles/Dungeon_Custom_Center.prefab
  artifactKey: Guid(5c582aa33048aaa428a9e969723d47dc) Importer(815301076,1909f56bfc062723c751e8b465ee728b)
Start importing Assets/BrokenVector/LowPolyDungeon/Prefabs/Tiles/Dungeon_Custom_Center.prefab using Guid(5c582aa33048aaa428a9e969723d47dc) Importer(815301076,1909f56bfc062723c751e8b465ee728b)  -> (artifact id: '892c898bf9ce073b2f0e89b0b776a865') in 0.019559 seconds 
========================================================================
Received Import Request.
  Time since last request: 0.000029 seconds.
  path: Assets/BrokenVector/LowPolyDungeon/Prefabs/Tiles/Dungeon_Hall_Center.prefab
  artifactKey: Guid(ad723011623795149ab723c33c434c37) Importer(815301076,1909f56bfc062723c751e8b465ee728b)
Start importing Assets/BrokenVector/LowPolyDungeon/Prefabs/Tiles/Dungeon_Hall_Center.prefab using Guid(ad723011623795149ab723c33c434c37) Importer(815301076,1909f56bfc062723c751e8b465ee728b)  -> (artifact id: '87b94b540cb96f4d894a5f3e2f682499') in 0.036503 seconds 
========================================================================
Received Import Request.
  Time since last request: 0.000514 seconds.
  path: Assets/BrokenVector/LowPolyDungeon/Prefabs/Tiles/Dungeon_Hall_Corner_Inverted.prefab
  artifactKey: Guid(a08fc365a6eb3a4479ec69b573a6c7ad) Importer(815301076,1909f56bfc062723c751e8b465ee728b)
Start importing Assets/BrokenVector/LowPolyDungeon/Prefabs/Tiles/Dungeon_Hall_Corner_Inverted.prefab using Guid(a08fc365a6eb3a4479ec69b573a6c7ad) Importer(815301076,1909f56bfc062723c751e8b465ee728b)  -> (artifact id: '82c2ae5c68384302ddc3019d2bf6e012') in 0.020591 seconds 
========================================================================
Received Import Request.
  Time since last request: 0.556635 seconds.
  path: Assets/BrokenVector/LowPolyDungeon/Prefabs/Tiles/Dungeon_Hall_Wall_Stairs_Left.prefab
  artifactKey: Guid(4896ba4e24abe11438ab4b34a382af54) Importer(815301076,1909f56bfc062723c751e8b465ee728b)
Start importing Assets/BrokenVector/LowPolyDungeon/Prefabs/Tiles/Dungeon_Hall_Wall_Stairs_Left.prefab using Guid(4896ba4e24abe11438ab4b34a382af54) Importer(815301076,1909f56bfc062723c751e8b465ee728b)  -> (artifact id: 'f2f3d0d9480a40e405c28eb55aca8014') in 0.016489 seconds 
========================================================================
Received Import Request.
  Time since last request: 0.000022 seconds.
  path: Assets/BrokenVector/LowPolyDungeon/Prefabs/Tiles/Dungeon_Passage_Wood.prefab
  artifactKey: Guid(398fe532ee92e2b478e8fd465e800786) Importer(815301076,1909f56bfc062723c751e8b465ee728b)
Start importing Assets/BrokenVector/LowPolyDungeon/Prefabs/Tiles/Dungeon_Passage_Wood.prefab using Guid(398fe532ee92e2b478e8fd465e800786) Importer(815301076,1909f56bfc062723c751e8b465ee728b)  -> (artifact id: 'e5357ffaeebe86a110413da4db653632') in 0.023446 seconds 
========================================================================
Received Import Request.
  Time since last request: 0.000024 seconds.
  path: Assets/BrokenVector/LowPolyDungeon/Prefabs/Tiles/Dungeon_Wall_Var1.prefab
  artifactKey: Guid(5e10be2f5a748844dbd0b2b7e6fafd4a) Importer(815301076,1909f56bfc062723c751e8b465ee728b)
Start importing Assets/BrokenVector/LowPolyDungeon/Prefabs/Tiles/Dungeon_Wall_Var1.prefab using Guid(5e10be2f5a748844dbd0b2b7e6fafd4a) Importer(815301076,1909f56bfc062723c751e8b465ee728b)  -> (artifact id: 'e580abd2bdacfd70f9888e0adb1969bc') in 0.023005 seconds 
========================================================================
Received Import Request.
  Time since last request: 0.040009 seconds.
  path: Assets/BrokenVector/LowPolyDungeon/Prefabs/Tiles/Dungeon_Wall_Var3.prefab
  artifactKey: Guid(8cda7687928e5174ea2627e48a3c6d69) Importer(815301076,1909f56bfc062723c751e8b465ee728b)
Start importing Assets/BrokenVector/LowPolyDungeon/Prefabs/Tiles/Dungeon_Wall_Var3.prefab using Guid(8cda7687928e5174ea2627e48a3c6d69) Importer(815301076,1909f56bfc062723c751e8b465ee728b)  -> (artifact id: 'a835e4b8f9b0602142d0017a05809327') in 0.013994 seconds 
========================================================================
Received Import Request.
  Time since last request: 0.000030 seconds.
  path: Assets/BrokenVector/LowPolyDungeon/Prefabs/Tiles/Hallway_Full.prefab
  artifactKey: Guid(bd271741385672b478a33a0d372490ea) Importer(815301076,1909f56bfc062723c751e8b465ee728b)
Start importing Assets/BrokenVector/LowPolyDungeon/Prefabs/Tiles/Hallway_Full.prefab using Guid(bd271741385672b478a33a0d372490ea) Importer(815301076,1909f56bfc062723c751e8b465ee728b)  -> (artifact id: 'ae56f6d34eb8fb8925e74e6234d67a2b') in 0.024906 seconds 
========================================================================
Received Import Request.
  Time since last request: 0.000025 seconds.
  path: Assets/BrokenVector/LowPolyDungeon/Prefabs/Tiles/Hallway_Half.prefab
  artifactKey: Guid(a62753c87b044214ebd45797277f54ad) Importer(815301076,1909f56bfc062723c751e8b465ee728b)
Start importing Assets/BrokenVector/LowPolyDungeon/Prefabs/Tiles/Hallway_Half.prefab using Guid(a62753c87b044214ebd45797277f54ad) Importer(815301076,1909f56bfc062723c751e8b465ee728b)  -> (artifact id: '5cacc259cfda9c5f96e9aa89073beffd') in 0.022193 seconds 
========================================================================
Received Import Request.
  Time since last request: 0.254439 seconds.
  path: Assets/BrokenVector/LowPolyDungeon/Prefabs/Tiles/Hallway_Quarter.prefab
  artifactKey: Guid(a85a6c2c6af086848b326146d8a3b6c2) Importer(815301076,1909f56bfc062723c751e8b465ee728b)
Start importing Assets/BrokenVector/LowPolyDungeon/Prefabs/Tiles/Hallway_Quarter.prefab using Guid(a85a6c2c6af086848b326146d8a3b6c2) Importer(815301076,1909f56bfc062723c751e8b465ee728b)  -> (artifact id: 'e78abbb40fa25eda8d31d699962a4f0d') in 0.176457 seconds 
========================================================================
Received Import Request.
  Time since last request: 0.000446 seconds.
  path: Assets/BrokenVector/LowPolyDungeon/Prefabs/Tiles/Holefix_Double.prefab
  artifactKey: Guid(5e0793aa91d1c1248a76c8bb8a68d3ca) Importer(815301076,1909f56bfc062723c751e8b465ee728b)
Start importing Assets/BrokenVector/LowPolyDungeon/Prefabs/Tiles/Holefix_Double.prefab using Guid(5e0793aa91d1c1248a76c8bb8a68d3ca) Importer(815301076,1909f56bfc062723c751e8b465ee728b)  -> (artifact id: 'aad65b008212727586d0e760254f10d9') in 0.026271 seconds 
========================================================================
Received Import Request.
  Time since last request: 0.000064 seconds.
  path: Assets/BrokenVector/LowPolyDungeon/Prefabs/Tiles/Portcullis_Wood.prefab
  artifactKey: Guid(da389f98d36554042874cf88abbff5ef) Importer(815301076,1909f56bfc062723c751e8b465ee728b)
Start importing Assets/BrokenVector/LowPolyDungeon/Prefabs/Tiles/Portcullis_Wood.prefab using Guid(da389f98d36554042874cf88abbff5ef) Importer(815301076,1909f56bfc062723c751e8b465ee728b)  -> (artifact id: '64b0101d8344b1e690820ac7e52f163e') in 0.037706 seconds 
========================================================================
Received Import Request.
  Time since last request: 0.000226 seconds.
  path: Assets/BrokenVector/LowPolyDungeon/Prefabs/Tiles/Pillar.prefab
  artifactKey: Guid(27f210ed52b6c0f409f410ac194d0a7c) Importer(815301076,1909f56bfc062723c751e8b465ee728b)
Start importing Assets/BrokenVector/LowPolyDungeon/Prefabs/Tiles/Pillar.prefab using Guid(27f210ed52b6c0f409f410ac194d0a7c) Importer(815301076,1909f56bfc062723c751e8b465ee728b)  -> (artifact id: 'ec9e23c15c03d63e0f70d1b20926926c') in 0.076943 seconds 
========================================================================
Received Import Request.
  Time since last request: 0.000025 seconds.
  path: Assets/BrokenVector/LowPolyDungeon/Prefabs/Tiles/Hallway_toStaircase_Top.prefab
  artifactKey: Guid(e4c0e291a3f433742ac8bad5c45ba01c) Importer(815301076,1909f56bfc062723c751e8b465ee728b)
Start importing Assets/BrokenVector/LowPolyDungeon/Prefabs/Tiles/Hallway_toStaircase_Top.prefab using Guid(e4c0e291a3f433742ac8bad5c45ba01c) Importer(815301076,1909f56bfc062723c751e8b465ee728b)  -> (artifact id: '6078c89ef61c6ee5dd2968b24f129afd') in 0.018143 seconds 
========================================================================
Received Import Request.
  Time since last request: 0.001625 seconds.
  path: Assets/BrokenVector/LowPolyDungeon/Prefabs/Tiles/Holefix_Single.prefab
  artifactKey: Guid(192d681e9fa59ee41a375fd1339fa347) Importer(815301076,1909f56bfc062723c751e8b465ee728b)
Start importing Assets/BrokenVector/LowPolyDungeon/Prefabs/Tiles/Holefix_Single.prefab using Guid(192d681e9fa59ee41a375fd1339fa347) Importer(815301076,1909f56bfc062723c751e8b465ee728b)  -> (artifact id: 'aea69e93a1d9cb0096c4d9aef3925236') in 0.033102 seconds 
========================================================================
Received Import Request.
  Time since last request: 0.000029 seconds.
  path: Assets/BrokenVector/LowPolyDungeon/Prefabs/Tiles/Steps_Small.prefab
  artifactKey: Guid(bca29393fb49e1e4d862950ab1749426) Importer(815301076,1909f56bfc062723c751e8b465ee728b)
Start importing Assets/BrokenVector/LowPolyDungeon/Prefabs/Tiles/Steps_Small.prefab using Guid(bca29393fb49e1e4d862950ab1749426) Importer(815301076,1909f56bfc062723c751e8b465ee728b)  -> (artifact id: '5c1e252e4cc89e60f7b4ce22633c47ba') in 0.298956 seconds 
Editor requested this worker to shutdown with reason: Scaling down because of idle timeout
AssetImportWorker is now disconnected from the server
Process exiting
Exiting without the bug reporter. Application will terminate with return code 0